CRITICAL - 2024-05-10 07:41:15 --> ErrorException: Undefined variable $path
[Method: GET, Route: product]
in APPPATH\Views\product.php on line 43.
 1 APPPATH\Views\product.php(43): CodeIgniter\Debug\Exceptions->errorHandler(2, 'Undefined variable $path', 'C:\\xampp\\htdocs\\CI4\\app\\Views\\product.php', 43)
 2 SYSTEMPATH\View\View.php(234): include('C:\\xampp\\htdocs\\CI4\\app\\Views\\product.php')
 3 SYSTEMPATH\View\View.php(237): CodeIgniter\View\View->CodeIgniter\View\{closure}()
 4 SYSTEMPATH\Common.php(1171): CodeIgniter\View\View->render('product', [], true)
 5 APPPATH\Controllers\Product.php(9): view('product')
 6 SYSTEMPATH\CodeIgniter.php(933): App\Controllers\Product->index()
 7 SYSTEMPATH\CodeIgniter.php(509): CodeIgniter\CodeIgniter->runController(Object(App\Controllers\Product))
 8 SYSTEMPATH\CodeIgniter.php(355): CodeIgniter\CodeIgniter->handleRequest(null, Object(Config\Cache), false)
 9 SYSTEMPATH\Boot.php(312): CodeIgniter\CodeIgniter->run()
10 SYSTEMPATH\Boot.php(67): CodeIgniter\Boot::runCodeIgniter(Object(CodeIgniter\CodeIgniter))
11 FCPATH\index.php(56): CodeIgniter\Boot::bootWeb(Object(Config\Paths))
CRITICAL - 2024-05-10 07:41:52 --> ErrorException: Undefined variable $path
[Method: GET, Route: product]
in APPPATH\Views\product.php on line 43.
 1 APPPATH\Views\product.php(43): CodeIgniter\Debug\Exceptions->errorHandler(2, 'Undefined variable $path', 'C:\\xampp\\htdocs\\CI4\\app\\Views\\product.php', 43)
 2 SYSTEMPATH\View\View.php(234): include('C:\\xampp\\htdocs\\CI4\\app\\Views\\product.php')
 3 SYSTEMPATH\View\View.php(237): CodeIgniter\View\View->CodeIgniter\View\{closure}()
 4 SYSTEMPATH\Common.php(1171): CodeIgniter\View\View->render('product', [], true)
 5 APPPATH\Controllers\Product.php(9): view('product')
 6 SYSTEMPATH\CodeIgniter.php(933): App\Controllers\Product->index()
 7 SYSTEMPATH\CodeIgniter.php(509): CodeIgniter\CodeIgniter->runController(Object(App\Controllers\Product))
 8 SYSTEMPATH\CodeIgniter.php(355): CodeIgniter\CodeIgniter->handleRequest(null, Object(Config\Cache), false)
 9 SYSTEMPATH\Boot.php(312): CodeIgniter\CodeIgniter->run()
10 SYSTEMPATH\Boot.php(67): CodeIgniter\Boot::runCodeIgniter(Object(CodeIgniter\CodeIgniter))
11 FCPATH\index.php(56): CodeIgniter\Boot::bootWeb(Object(Config\Paths))
CRITICAL - 2024-05-10 07:41:53 --> ErrorException: Undefined variable $path
[Method: GET, Route: product]
in APPPATH\Views\product.php on line 43.
 1 APPPATH\Views\product.php(43): CodeIgniter\Debug\Exceptions->errorHandler(2, 'Undefined variable $path', 'C:\\xampp\\htdocs\\CI4\\app\\Views\\product.php', 43)
 2 SYSTEMPATH\View\View.php(234): include('C:\\xampp\\htdocs\\CI4\\app\\Views\\product.php')
 3 SYSTEMPATH\View\View.php(237): CodeIgniter\View\View->CodeIgniter\View\{closure}()
 4 SYSTEMPATH\Common.php(1171): CodeIgniter\View\View->render('product', [], true)
 5 APPPATH\Controllers\Product.php(9): view('product')
 6 SYSTEMPATH\CodeIgniter.php(933): App\Controllers\Product->index()
 7 SYSTEMPATH\CodeIgniter.php(509): CodeIgniter\CodeIgniter->runController(Object(App\Controllers\Product))
 8 SYSTEMPATH\CodeIgniter.php(355): CodeIgniter\CodeIgniter->handleRequest(null, Object(Config\Cache), false)
 9 SYSTEMPATH\Boot.php(312): CodeIgniter\CodeIgniter->run()
10 SYSTEMPATH\Boot.php(67): CodeIgniter\Boot::runCodeIgniter(Object(CodeIgniter\CodeIgniter))
11 FCPATH\index.php(56): CodeIgniter\Boot::bootWeb(Object(Config\Paths))
CRITICAL - 2024-05-10 07:41:57 --> ErrorException: Undefined variable $path
[Method: GET, Route: product]
in APPPATH\Views\product.php on line 43.
 1 APPPATH\Views\product.php(43): CodeIgniter\Debug\Exceptions->errorHandler(2, 'Undefined variable $path', 'C:\\xampp\\htdocs\\CI4\\app\\Views\\product.php', 43)
 2 SYSTEMPATH\View\View.php(234): include('C:\\xampp\\htdocs\\CI4\\app\\Views\\product.php')
 3 SYSTEMPATH\View\View.php(237): CodeIgniter\View\View->CodeIgniter\View\{closure}()
 4 SYSTEMPATH\Common.php(1171): CodeIgniter\View\View->render('product', [], true)
 5 APPPATH\Controllers\Product.php(9): view('product')
 6 SYSTEMPATH\CodeIgniter.php(933): App\Controllers\Product->index()
 7 SYSTEMPATH\CodeIgniter.php(509): CodeIgniter\CodeIgniter->runController(Object(App\Controllers\Product))
 8 SYSTEMPATH\CodeIgniter.php(355): CodeIgniter\CodeIgniter->handleRequest(null, Object(Config\Cache), false)
 9 SYSTEMPATH\Boot.php(312): CodeIgniter\CodeIgniter->run()
10 SYSTEMPATH\Boot.php(67): CodeIgniter\Boot::runCodeIgniter(Object(CodeIgniter\CodeIgniter))
11 FCPATH\index.php(56): CodeIgniter\Boot::bootWeb(Object(Config\Paths))
CRITICAL - 2024-05-10 07:41:57 --> ErrorException: Undefined variable $path
[Method: GET, Route: product]
in APPPATH\Views\product.php on line 43.
 1 APPPATH\Views\product.php(43): CodeIgniter\Debug\Exceptions->errorHandler(2, 'Undefined variable $path', 'C:\\xampp\\htdocs\\CI4\\app\\Views\\product.php', 43)
 2 SYSTEMPATH\View\View.php(234): include('C:\\xampp\\htdocs\\CI4\\app\\Views\\product.php')
 3 SYSTEMPATH\View\View.php(237): CodeIgniter\View\View->CodeIgniter\View\{closure}()
 4 SYSTEMPATH\Common.php(1171): CodeIgniter\View\View->render('product', [], true)
 5 APPPATH\Controllers\Product.php(9): view('product')
 6 SYSTEMPATH\CodeIgniter.php(933): App\Controllers\Product->index()
 7 SYSTEMPATH\CodeIgniter.php(509): CodeIgniter\CodeIgniter->runController(Object(App\Controllers\Product))
 8 SYSTEMPATH\CodeIgniter.php(355): CodeIgniter\CodeIgniter->handleRequest(null, Object(Config\Cache), false)
 9 SYSTEMPATH\Boot.php(312): CodeIgniter\CodeIgniter->run()
10 SYSTEMPATH\Boot.php(67): CodeIgniter\Boot::runCodeIgniter(Object(CodeIgniter\CodeIgniter))
11 FCPATH\index.php(56): CodeIgniter\Boot::bootWeb(Object(Config\Paths))
CRITICAL - 2024-05-10 07:41:58 --> ErrorException: Undefined variable $path
[Method: GET, Route: product]
in APPPATH\Views\product.php on line 43.
 1 APPPATH\Views\product.php(43): CodeIgniter\Debug\Exceptions->errorHandler(2, 'Undefined variable $path', 'C:\\xampp\\htdocs\\CI4\\app\\Views\\product.php', 43)
 2 SYSTEMPATH\View\View.php(234): include('C:\\xampp\\htdocs\\CI4\\app\\Views\\product.php')
 3 SYSTEMPATH\View\View.php(237): CodeIgniter\View\View->CodeIgniter\View\{closure}()
 4 SYSTEMPATH\Common.php(1171): CodeIgniter\View\View->render('product', [], true)
 5 APPPATH\Controllers\Product.php(9): view('product')
 6 SYSTEMPATH\CodeIgniter.php(933): App\Controllers\Product->index()
 7 SYSTEMPATH\CodeIgniter.php(509): CodeIgniter\CodeIgniter->runController(Object(App\Controllers\Product))
 8 SYSTEMPATH\CodeIgniter.php(355): CodeIgniter\CodeIgniter->handleRequest(null, Object(Config\Cache), false)
 9 SYSTEMPATH\Boot.php(312): CodeIgniter\CodeIgniter->run()
10 SYSTEMPATH\Boot.php(67): CodeIgniter\Boot::runCodeIgniter(Object(CodeIgniter\CodeIgniter))
11 FCPATH\index.php(56): CodeIgniter\Boot::bootWeb(Object(Config\Paths))
CRITICAL - 2024-05-10 07:41:58 --> ErrorException: Undefined variable $path
[Method: GET, Route: product]
in APPPATH\Views\product.php on line 43.
 1 APPPATH\Views\product.php(43): CodeIgniter\Debug\Exceptions->errorHandler(2, 'Undefined variable $path', 'C:\\xampp\\htdocs\\CI4\\app\\Views\\product.php', 43)
 2 SYSTEMPATH\View\View.php(234): include('C:\\xampp\\htdocs\\CI4\\app\\Views\\product.php')
 3 SYSTEMPATH\View\View.php(237): CodeIgniter\View\View->CodeIgniter\View\{closure}()
 4 SYSTEMPATH\Common.php(1171): CodeIgniter\View\View->render('product', [], true)
 5 APPPATH\Controllers\Product.php(9): view('product')
 6 SYSTEMPATH\CodeIgniter.php(933): App\Controllers\Product->index()
 7 SYSTEMPATH\CodeIgniter.php(509): CodeIgniter\CodeIgniter->runController(Object(App\Controllers\Product))
 8 SYSTEMPATH\CodeIgniter.php(355): CodeIgniter\CodeIgniter->handleRequest(null, Object(Config\Cache), false)
 9 SYSTEMPATH\Boot.php(312): CodeIgniter\CodeIgniter->run()
10 SYSTEMPATH\Boot.php(67): CodeIgniter\Boot::runCodeIgniter(Object(CodeIgniter\CodeIgniter))
11 FCPATH\index.php(56): CodeIgniter\Boot::bootWeb(Object(Config\Paths))
CRITICAL - 2024-05-10 07:41:58 --> ErrorException: Undefined variable $path
[Method: GET, Route: product]
in APPPATH\Views\product.php on line 43.
 1 APPPATH\Views\product.php(43): CodeIgniter\Debug\Exceptions->errorHandler(2, 'Undefined variable $path', 'C:\\xampp\\htdocs\\CI4\\app\\Views\\product.php', 43)
 2 SYSTEMPATH\View\View.php(234): include('C:\\xampp\\htdocs\\CI4\\app\\Views\\product.php')
 3 SYSTEMPATH\View\View.php(237): CodeIgniter\View\View->CodeIgniter\View\{closure}()
 4 SYSTEMPATH\Common.php(1171): CodeIgniter\View\View->render('product', [], true)
 5 APPPATH\Controllers\Product.php(9): view('product')
 6 SYSTEMPATH\CodeIgniter.php(933): App\Controllers\Product->index()
 7 SYSTEMPATH\CodeIgniter.php(509): CodeIgniter\CodeIgniter->runController(Object(App\Controllers\Product))
 8 SYSTEMPATH\CodeIgniter.php(355): CodeIgniter\CodeIgniter->handleRequest(null, Object(Config\Cache), false)
 9 SYSTEMPATH\Boot.php(312): CodeIgniter\CodeIgniter->run()
10 SYSTEMPATH\Boot.php(67): CodeIgniter\Boot::runCodeIgniter(Object(CodeIgniter\CodeIgniter))
11 FCPATH\index.php(56): CodeIgniter\Boot::bootWeb(Object(Config\Paths))
CRITICAL - 2024-05-10 07:41:58 --> ErrorException: Undefined variable $path
[Method: GET, Route: product]
in APPPATH\Views\product.php on line 43.
 1 APPPATH\Views\product.php(43): CodeIgniter\Debug\Exceptions->errorHandler(2, 'Undefined variable $path', 'C:\\xampp\\htdocs\\CI4\\app\\Views\\product.php', 43)
 2 SYSTEMPATH\View\View.php(234): include('C:\\xampp\\htdocs\\CI4\\app\\Views\\product.php')
 3 SYSTEMPATH\View\View.php(237): CodeIgniter\View\View->CodeIgniter\View\{closure}()
 4 SYSTEMPATH\Common.php(1171): CodeIgniter\View\View->render('product', [], true)
 5 APPPATH\Controllers\Product.php(9): view('product')
 6 SYSTEMPATH\CodeIgniter.php(933): App\Controllers\Product->index()
 7 SYSTEMPATH\CodeIgniter.php(509): CodeIgniter\CodeIgniter->runController(Object(App\Controllers\Product))
 8 SYSTEMPATH\CodeIgniter.php(355): CodeIgniter\CodeIgniter->handleRequest(null, Object(Config\Cache), false)
 9 SYSTEMPATH\Boot.php(312): CodeIgniter\CodeIgniter->run()
10 SYSTEMPATH\Boot.php(67): CodeIgniter\Boot::runCodeIgniter(Object(CodeIgniter\CodeIgniter))
11 FCPATH\index.php(56): CodeIgniter\Boot::bootWeb(Object(Config\Paths))
CRITICAL - 2024-05-10 07:41:58 --> ErrorException: Undefined variable $path
[Method: GET, Route: product]
in APPPATH\Views\product.php on line 43.
 1 APPPATH\Views\product.php(43): CodeIgniter\Debug\Exceptions->errorHandler(2, 'Undefined variable $path', 'C:\\xampp\\htdocs\\CI4\\app\\Views\\product.php', 43)
 2 SYSTEMPATH\View\View.php(234): include('C:\\xampp\\htdocs\\CI4\\app\\Views\\product.php')
 3 SYSTEMPATH\View\View.php(237): CodeIgniter\View\View->CodeIgniter\View\{closure}()
 4 SYSTEMPATH\Common.php(1171): CodeIgniter\View\View->render('product', [], true)
 5 APPPATH\Controllers\Product.php(9): view('product')
 6 SYSTEMPATH\CodeIgniter.php(933): App\Controllers\Product->index()
 7 SYSTEMPATH\CodeIgniter.php(509): CodeIgniter\CodeIgniter->runController(Object(App\Controllers\Product))
 8 SYSTEMPATH\CodeIgniter.php(355): CodeIgniter\CodeIgniter->handleRequest(null, Object(Config\Cache), false)
 9 SYSTEMPATH\Boot.php(312): CodeIgniter\CodeIgniter->run()
10 SYSTEMPATH\Boot.php(67): CodeIgniter\Boot::runCodeIgniter(Object(CodeIgniter\CodeIgniter))
11 FCPATH\index.php(56): CodeIgniter\Boot::bootWeb(Object(Config\Paths))
CRITICAL - 2024-05-10 07:48:54 --> CodeIgniter\View\Exceptions\ViewException: Invalid file: "product.php"
[Method: GET, Route: product]
in SYSTEMPATH\Exceptions\FrameworkException.php on line 41.
 1 SYSTEMPATH\View\View.php(222): CodeIgniter\Exceptions\FrameworkException::forInvalidFile('product.php')
 2 SYSTEMPATH\Common.php(1171): CodeIgniter\View\View->render('product', [], true)
 3 APPPATH\Controllers\Product.php(9): view('product')
 4 SYSTEMPATH\CodeIgniter.php(933): App\Controllers\Product->index()
 5 SYSTEMPATH\CodeIgniter.php(509): CodeIgniter\CodeIgniter->runController(Object(App\Controllers\Product))
 6 SYSTEMPATH\CodeIgniter.php(355): CodeIgniter\CodeIgniter->handleRequest(null, Object(Config\Cache), false)
 7 SYSTEMPATH\Boot.php(312): CodeIgniter\CodeIgniter->run()
 8 SYSTEMPATH\Boot.php(67): CodeIgniter\Boot::runCodeIgniter(Object(CodeIgniter\CodeIgniter))
 9 FCPATH\index.php(56): CodeIgniter\Boot::bootWeb(Object(Config\Paths))
CRITICAL - 2024-05-10 07:48:56 --> CodeIgniter\View\Exceptions\ViewException: Invalid file: "product.php"
[Method: GET, Route: product]
in SYSTEMPATH\Exceptions\FrameworkException.php on line 41.
 1 SYSTEMPATH\View\View.php(222): CodeIgniter\Exceptions\FrameworkException::forInvalidFile('product.php')
 2 SYSTEMPATH\Common.php(1171): CodeIgniter\View\View->render('product', [], true)
 3 APPPATH\Controllers\Product.php(9): view('product')
 4 SYSTEMPATH\CodeIgniter.php(933): App\Controllers\Product->index()
 5 SYSTEMPATH\CodeIgniter.php(509): CodeIgniter\CodeIgniter->runController(Object(App\Controllers\Product))
 6 SYSTEMPATH\CodeIgniter.php(355): CodeIgniter\CodeIgniter->handleRequest(null, Object(Config\Cache), false)
 7 SYSTEMPATH\Boot.php(312): CodeIgniter\CodeIgniter->run()
 8 SYSTEMPATH\Boot.php(67): CodeIgniter\Boot::runCodeIgniter(Object(CodeIgniter\CodeIgniter))
 9 FCPATH\index.php(56): CodeIgniter\Boot::bootWeb(Object(Config\Paths))
CRITICAL - 2024-05-10 07:48:56 --> CodeIgniter\View\Exceptions\ViewException: Invalid file: "product.php"
[Method: GET, Route: product]
in SYSTEMPATH\Exceptions\FrameworkException.php on line 41.
 1 SYSTEMPATH\View\View.php(222): CodeIgniter\Exceptions\FrameworkException::forInvalidFile('product.php')
 2 SYSTEMPATH\Common.php(1171): CodeIgniter\View\View->render('product', [], true)
 3 APPPATH\Controllers\Product.php(9): view('product')
 4 SYSTEMPATH\CodeIgniter.php(933): App\Controllers\Product->index()
 5 SYSTEMPATH\CodeIgniter.php(509): CodeIgniter\CodeIgniter->runController(Object(App\Controllers\Product))
 6 SYSTEMPATH\CodeIgniter.php(355): CodeIgniter\CodeIgniter->handleRequest(null, Object(Config\Cache), false)
 7 SYSTEMPATH\Boot.php(312): CodeIgniter\CodeIgniter->run()
 8 SYSTEMPATH\Boot.php(67): CodeIgniter\Boot::runCodeIgniter(Object(CodeIgniter\CodeIgniter))
 9 FCPATH\index.php(56): CodeIgniter\Boot::bootWeb(Object(Config\Paths))
CRITICAL - 2024-05-10 07:48:57 --> CodeIgniter\View\Exceptions\ViewException: Invalid file: "product.php"
[Method: GET, Route: product]
in SYSTEMPATH\Exceptions\FrameworkException.php on line 41.
 1 SYSTEMPATH\View\View.php(222): CodeIgniter\Exceptions\FrameworkException::forInvalidFile('product.php')
 2 SYSTEMPATH\Common.php(1171): CodeIgniter\View\View->render('product', [], true)
 3 APPPATH\Controllers\Product.php(9): view('product')
 4 SYSTEMPATH\CodeIgniter.php(933): App\Controllers\Product->index()
 5 SYSTEMPATH\CodeIgniter.php(509): CodeIgniter\CodeIgniter->runController(Object(App\Controllers\Product))
 6 SYSTEMPATH\CodeIgniter.php(355): CodeIgniter\CodeIgniter->handleRequest(null, Object(Config\Cache), false)
 7 SYSTEMPATH\Boot.php(312): CodeIgniter\CodeIgniter->run()
 8 SYSTEMPATH\Boot.php(67): CodeIgniter\Boot::runCodeIgniter(Object(CodeIgniter\CodeIgniter))
 9 FCPATH\index.php(56): CodeIgniter\Boot::bootWeb(Object(Config\Paths))
CRITICAL - 2024-05-10 07:48:57 --> CodeIgniter\View\Exceptions\ViewException: Invalid file: "product.php"
[Method: GET, Route: product]
in SYSTEMPATH\Exceptions\FrameworkException.php on line 41.
 1 SYSTEMPATH\View\View.php(222): CodeIgniter\Exceptions\FrameworkException::forInvalidFile('product.php')
 2 SYSTEMPATH\Common.php(1171): CodeIgniter\View\View->render('product', [], true)
 3 APPPATH\Controllers\Product.php(9): view('product')
 4 SYSTEMPATH\CodeIgniter.php(933): App\Controllers\Product->index()
 5 SYSTEMPATH\CodeIgniter.php(509): CodeIgniter\CodeIgniter->runController(Object(App\Controllers\Product))
 6 SYSTEMPATH\CodeIgniter.php(355): CodeIgniter\CodeIgniter->handleRequest(null, Object(Config\Cache), false)
 7 SYSTEMPATH\Boot.php(312): CodeIgniter\CodeIgniter->run()
 8 SYSTEMPATH\Boot.php(67): CodeIgniter\Boot::runCodeIgniter(Object(CodeIgniter\CodeIgniter))
 9 FCPATH\index.php(56): CodeIgniter\Boot::bootWeb(Object(Config\Paths))
CRITICAL - 2024-05-10 07:48:57 --> CodeIgniter\View\Exceptions\ViewException: Invalid file: "product.php"
[Method: GET, Route: product]
in SYSTEMPATH\Exceptions\FrameworkException.php on line 41.
 1 SYSTEMPATH\View\View.php(222): CodeIgniter\Exceptions\FrameworkException::forInvalidFile('product.php')
 2 SYSTEMPATH\Common.php(1171): CodeIgniter\View\View->render('product', [], true)
 3 APPPATH\Controllers\Product.php(9): view('product')
 4 SYSTEMPATH\CodeIgniter.php(933): App\Controllers\Product->index()
 5 SYSTEMPATH\CodeIgniter.php(509): CodeIgniter\CodeIgniter->runController(Object(App\Controllers\Product))
 6 SYSTEMPATH\CodeIgniter.php(355): CodeIgniter\CodeIgniter->handleRequest(null, Object(Config\Cache), false)
 7 SYSTEMPATH\Boot.php(312): CodeIgniter\CodeIgniter->run()
 8 SYSTEMPATH\Boot.php(67): CodeIgniter\Boot::runCodeIgniter(Object(CodeIgniter\CodeIgniter))
 9 FCPATH\index.php(56): CodeIgniter\Boot::bootWeb(Object(Config\Paths))
CRITICAL - 2024-05-10 07:48:57 --> CodeIgniter\View\Exceptions\ViewException: Invalid file: "product.php"
[Method: GET, Route: product]
in SYSTEMPATH\Exceptions\FrameworkException.php on line 41.
 1 SYSTEMPATH\View\View.php(222): CodeIgniter\Exceptions\FrameworkException::forInvalidFile('product.php')
 2 SYSTEMPATH\Common.php(1171): CodeIgniter\View\View->render('product', [], true)
 3 APPPATH\Controllers\Product.php(9): view('product')
 4 SYSTEMPATH\CodeIgniter.php(933): App\Controllers\Product->index()
 5 SYSTEMPATH\CodeIgniter.php(509): CodeIgniter\CodeIgniter->runController(Object(App\Controllers\Product))
 6 SYSTEMPATH\CodeIgniter.php(355): CodeIgniter\CodeIgniter->handleRequest(null, Object(Config\Cache), false)
 7 SYSTEMPATH\Boot.php(312): CodeIgniter\CodeIgniter->run()
 8 SYSTEMPATH\Boot.php(67): CodeIgniter\Boot::runCodeIgniter(Object(CodeIgniter\CodeIgniter))
 9 FCPATH\index.php(56): CodeIgniter\Boot::bootWeb(Object(Config\Paths))
CRITICAL - 2024-05-10 07:48:57 --> CodeIgniter\View\Exceptions\ViewException: Invalid file: "product.php"
[Method: GET, Route: product]
in SYSTEMPATH\Exceptions\FrameworkException.php on line 41.
 1 SYSTEMPATH\View\View.php(222): CodeIgniter\Exceptions\FrameworkException::forInvalidFile('product.php')
 2 SYSTEMPATH\Common.php(1171): CodeIgniter\View\View->render('product', [], true)
 3 APPPATH\Controllers\Product.php(9): view('product')
 4 SYSTEMPATH\CodeIgniter.php(933): App\Controllers\Product->index()
 5 SYSTEMPATH\CodeIgniter.php(509): CodeIgniter\CodeIgniter->runController(Object(App\Controllers\Product))
 6 SYSTEMPATH\CodeIgniter.php(355): CodeIgniter\CodeIgniter->handleRequest(null, Object(Config\Cache), false)
 7 SYSTEMPATH\Boot.php(312): CodeIgniter\CodeIgniter->run()
 8 SYSTEMPATH\Boot.php(67): CodeIgniter\Boot::runCodeIgniter(Object(CodeIgniter\CodeIgniter))
 9 FCPATH\index.php(56): CodeIgniter\Boot::bootWeb(Object(Config\Paths))
CRITICAL - 2024-05-10 07:48:57 --> CodeIgniter\View\Exceptions\ViewException: Invalid file: "product.php"
[Method: GET, Route: product]
in SYSTEMPATH\Exceptions\FrameworkException.php on line 41.
 1 SYSTEMPATH\View\View.php(222): CodeIgniter\Exceptions\FrameworkException::forInvalidFile('product.php')
 2 SYSTEMPATH\Common.php(1171): CodeIgniter\View\View->render('product', [], true)
 3 APPPATH\Controllers\Product.php(9): view('product')
 4 SYSTEMPATH\CodeIgniter.php(933): App\Controllers\Product->index()
 5 SYSTEMPATH\CodeIgniter.php(509): CodeIgniter\CodeIgniter->runController(Object(App\Controllers\Product))
 6 SYSTEMPATH\CodeIgniter.php(355): CodeIgniter\CodeIgniter->handleRequest(null, Object(Config\Cache), false)
 7 SYSTEMPATH\Boot.php(312): CodeIgniter\CodeIgniter->run()
 8 SYSTEMPATH\Boot.php(67): CodeIgniter\Boot::runCodeIgniter(Object(CodeIgniter\CodeIgniter))
 9 FCPATH\index.php(56): CodeIgniter\Boot::bootWeb(Object(Config\Paths))
CRITICAL - 2024-05-10 07:49:02 --> CodeIgniter\View\Exceptions\ViewException: Invalid file: "product.php"
[Method: GET, Route: product]
in SYSTEMPATH\Exceptions\FrameworkException.php on line 41.
 1 SYSTEMPATH\View\View.php(222): CodeIgniter\Exceptions\FrameworkException::forInvalidFile('product.php')
 2 SYSTEMPATH\Common.php(1171): CodeIgniter\View\View->render('product', [], true)
 3 APPPATH\Controllers\Product.php(9): view('product')
 4 SYSTEMPATH\CodeIgniter.php(933): App\Controllers\Product->index()
 5 SYSTEMPATH\CodeIgniter.php(509): CodeIgniter\CodeIgniter->runController(Object(App\Controllers\Product))
 6 SYSTEMPATH\CodeIgniter.php(355): CodeIgniter\CodeIgniter->handleRequest(null, Object(Config\Cache), false)
 7 SYSTEMPATH\Boot.php(312): CodeIgniter\CodeIgniter->run()
 8 SYSTEMPATH\Boot.php(67): CodeIgniter\Boot::runCodeIgniter(Object(CodeIgniter\CodeIgniter))
 9 FCPATH\index.php(56): CodeIgniter\Boot::bootWeb(Object(Config\Paths))
CRITICAL - 2024-05-10 07:49:02 --> CodeIgniter\View\Exceptions\ViewException: Invalid file: "product.php"
[Method: GET, Route: product]
in SYSTEMPATH\Exceptions\FrameworkException.php on line 41.
 1 SYSTEMPATH\View\View.php(222): CodeIgniter\Exceptions\FrameworkException::forInvalidFile('product.php')
 2 SYSTEMPATH\Common.php(1171): CodeIgniter\View\View->render('product', [], true)
 3 APPPATH\Controllers\Product.php(9): view('product')
 4 SYSTEMPATH\CodeIgniter.php(933): App\Controllers\Product->index()
 5 SYSTEMPATH\CodeIgniter.php(509): CodeIgniter\CodeIgniter->runController(Object(App\Controllers\Product))
 6 SYSTEMPATH\CodeIgniter.php(355): CodeIgniter\CodeIgniter->handleRequest(null, Object(Config\Cache), false)
 7 SYSTEMPATH\Boot.php(312): CodeIgniter\CodeIgniter->run()
 8 SYSTEMPATH\Boot.php(67): CodeIgniter\Boot::runCodeIgniter(Object(CodeIgniter\CodeIgniter))
 9 FCPATH\index.php(56): CodeIgniter\Boot::bootWeb(Object(Config\Paths))
CRITICAL - 2024-05-10 07:49:02 --> CodeIgniter\View\Exceptions\ViewException: Invalid file: "product.php"
[Method: GET, Route: product]
in SYSTEMPATH\Exceptions\FrameworkException.php on line 41.
 1 SYSTEMPATH\View\View.php(222): CodeIgniter\Exceptions\FrameworkException::forInvalidFile('product.php')
 2 SYSTEMPATH\Common.php(1171): CodeIgniter\View\View->render('product', [], true)
 3 APPPATH\Controllers\Product.php(9): view('product')
 4 SYSTEMPATH\CodeIgniter.php(933): App\Controllers\Product->index()
 5 SYSTEMPATH\CodeIgniter.php(509): CodeIgniter\CodeIgniter->runController(Object(App\Controllers\Product))
 6 SYSTEMPATH\CodeIgniter.php(355): CodeIgniter\CodeIgniter->handleRequest(null, Object(Config\Cache), false)
 7 SYSTEMPATH\Boot.php(312): CodeIgniter\CodeIgniter->run()
 8 SYSTEMPATH\Boot.php(67): CodeIgniter\Boot::runCodeIgniter(Object(CodeIgniter\CodeIgniter))
 9 FCPATH\index.php(56): CodeIgniter\Boot::bootWeb(Object(Config\Paths))
CRITICAL - 2024-05-10 11:40:11 --> mysqli_sql_exception: Access denied for user 'root'@'LAPTOP-R604O2UQ' (using password: YES)
[Method: GET, Route: product/3]
in APPPATH\Controllers\GetProduct.php on line 14.
 1 APPPATH\Controllers\GetProduct.php(14): mysqli_connect('LAPTOP-R604O2UQ', 'root', Object(SensitiveParameterValue), 'pepicase')
 2 SYSTEMPATH\CodeIgniter.php(933): App\Controllers\Getproduct->get_with_id(3)
 3 SYSTEMPATH\CodeIgniter.php(509): CodeIgniter\CodeIgniter->runController(Object(App\Controllers\Getproduct))
 4 SYSTEMPATH\CodeIgniter.php(355): CodeIgniter\CodeIgniter->handleRequest(null, Object(Config\Cache), false)
 5 SYSTEMPATH\Boot.php(312): CodeIgniter\CodeIgniter->run()
 6 SYSTEMPATH\Boot.php(67): CodeIgniter\Boot::runCodeIgniter(Object(CodeIgniter\CodeIgniter))
 7 FCPATH\index.php(56): CodeIgniter\Boot::bootWeb(Object(Config\Paths))
CRITICAL - 2024-05-10 11:40:37 --> ErrorException: Undefined array key "name"
[Method: GET, Route: product/3]
in APPPATH\Controllers\GetProduct.php on line 19.
 1 APPPATH\Controllers\GetProduct.php(19): CodeIgniter\Debug\Exceptions->errorHandler(2, 'Undefined array key "name"', 'C:\\xampp\\htdocs\\CI4\\app\\Controllers\\GetProduct.php', 19)
 2 SYSTEMPATH\CodeIgniter.php(933): App\Controllers\Getproduct->get_with_id(3)
 3 SYSTEMPATH\CodeIgniter.php(509): CodeIgniter\CodeIgniter->runController(Object(App\Controllers\Getproduct))
 4 SYSTEMPATH\CodeIgniter.php(355): CodeIgniter\CodeIgniter->handleRequest(null, Object(Config\Cache), false)
 5 SYSTEMPATH\Boot.php(312): CodeIgniter\CodeIgniter->run()
 6 SYSTEMPATH\Boot.php(67): CodeIgniter\Boot::runCodeIgniter(Object(CodeIgniter\CodeIgniter))
 7 FCPATH\index.php(56): CodeIgniter\Boot::bootWeb(Object(Config\Paths))
CRITICAL - 2024-05-10 11:41:01 --> mysqli_sql_exception: Unknown database 'testing'
[Method: GET, Route: product/3]
in APPPATH\Views\product.php on line 24.
 1 APPPATH\Views\product.php(24): mysqli_connect('LAPTOP-R604O2UQ', 'baodang', Object(SensitiveParameterValue), 'testing')
 2 SYSTEMPATH\View\View.php(234): include('C:\\xampp\\htdocs\\CI4\\app\\Views\\product.php')
 3 SYSTEMPATH\View\View.php(237): CodeIgniter\View\View->CodeIgniter\View\{closure}()
 4 SYSTEMPATH\Common.php(1171): CodeIgniter\View\View->render('product', [], true)
 5 APPPATH\Controllers\GetProduct.php(21): view('product')
 6 SYSTEMPATH\CodeIgniter.php(933): App\Controllers\Getproduct->get_with_id(3)
 7 SYSTEMPATH\CodeIgniter.php(509): CodeIgniter\CodeIgniter->runController(Object(App\Controllers\Getproduct))
 8 SYSTEMPATH\CodeIgniter.php(355): CodeIgniter\CodeIgniter->handleRequest(null, Object(Config\Cache), false)
 9 SYSTEMPATH\Boot.php(312): CodeIgniter\CodeIgniter->run()
10 SYSTEMPATH\Boot.php(67): CodeIgniter\Boot::runCodeIgniter(Object(CodeIgniter\CodeIgniter))
11 FCPATH\index.php(56): CodeIgniter\Boot::bootWeb(Object(Config\Paths))
CRITICAL - 2024-05-10 11:56:28 --> ErrorException: Undefined variable $name
[Method: GET, Route: product/5]
in APPPATH\Views\product.php on line 125.
 1 APPPATH\Views\product.php(125): CodeIgniter\Debug\Exceptions->errorHandler(2, 'Undefined variable $name', 'C:\\xampp\\htdocs\\CI4\\app\\Views\\product.php', 125)
 2 SYSTEMPATH\View\View.php(234): include('C:\\xampp\\htdocs\\CI4\\app\\Views\\product.php')
 3 SYSTEMPATH\View\View.php(237): CodeIgniter\View\View->CodeIgniter\View\{closure}()
 4 SYSTEMPATH\Common.php(1171): CodeIgniter\View\View->render('product', [], true)
 5 APPPATH\Controllers\GetProduct.php(21): view('product')
 6 SYSTEMPATH\CodeIgniter.php(933): App\Controllers\Getproduct->get_with_id(5)
 7 SYSTEMPATH\CodeIgniter.php(509): CodeIgniter\CodeIgniter->runController(Object(App\Controllers\Getproduct))
 8 SYSTEMPATH\CodeIgniter.php(355): CodeIgniter\CodeIgniter->handleRequest(null, Object(Config\Cache), false)
 9 SYSTEMPATH\Boot.php(312): CodeIgniter\CodeIgniter->run()
10 SYSTEMPATH\Boot.php(67): CodeIgniter\Boot::runCodeIgniter(Object(CodeIgniter\CodeIgniter))
11 FCPATH\index.php(56): CodeIgniter\Boot::bootWeb(Object(Config\Paths))
CRITICAL - 2024-05-10 11:56:54 --> ErrorException: Undefined array key "name"
[Method: GET, Route: product/5]
in APPPATH\Controllers\GetProduct.php on line 20.
 1 APPPATH\Controllers\GetProduct.php(20): CodeIgniter\Debug\Exceptions->errorHandler(2, 'Undefined array key "name"', 'C:\\xampp\\htdocs\\CI4\\app\\Controllers\\GetProduct.php', 20)
 2 SYSTEMPATH\CodeIgniter.php(933): App\Controllers\Getproduct->get_with_id(5)
 3 SYSTEMPATH\CodeIgniter.php(509): CodeIgniter\CodeIgniter->runController(Object(App\Controllers\Getproduct))
 4 SYSTEMPATH\CodeIgniter.php(355): CodeIgniter\CodeIgniter->handleRequest(null, Object(Config\Cache), false)
 5 SYSTEMPATH\Boot.php(312): CodeIgniter\CodeIgniter->run()
 6 SYSTEMPATH\Boot.php(67): CodeIgniter\Boot::runCodeIgniter(Object(CodeIgniter\CodeIgniter))
 7 FCPATH\index.php(56): CodeIgniter\Boot::bootWeb(Object(Config\Paths))
CRITICAL - 2024-05-10 11:59:14 --> ErrorException: Undefined variable $name
[Method: GET, Route: product/5]
in APPPATH\Views\product.php on line 125.
 1 APPPATH\Views\product.php(125): CodeIgniter\Debug\Exceptions->errorHandler(2, 'Undefined variable $name', 'C:\\xampp\\htdocs\\CI4\\app\\Views\\product.php', 125)
 2 SYSTEMPATH\View\View.php(234): include('C:\\xampp\\htdocs\\CI4\\app\\Views\\product.php')
 3 SYSTEMPATH\View\View.php(237): CodeIgniter\View\View->CodeIgniter\View\{closure}()
 4 SYSTEMPATH\Common.php(1171): CodeIgniter\View\View->render('product', [], true)
 5 APPPATH\Controllers\GetProduct.php(23): view('product')
 6 SYSTEMPATH\CodeIgniter.php(933): App\Controllers\Getproduct->get_with_id(5)
 7 SYSTEMPATH\CodeIgniter.php(509): CodeIgniter\CodeIgniter->runController(Object(App\Controllers\Getproduct))
 8 SYSTEMPATH\CodeIgniter.php(355): CodeIgniter\CodeIgniter->handleRequest(null, Object(Config\Cache), false)
 9 SYSTEMPATH\Boot.php(312): CodeIgniter\CodeIgniter->run()
10 SYSTEMPATH\Boot.php(67): CodeIgniter\Boot::runCodeIgniter(Object(CodeIgniter\CodeIgniter))
11 FCPATH\index.php(56): CodeIgniter\Boot::bootWeb(Object(Config\Paths))
